Build started 2/18/2026 2:39:53 PM.
     1>Project "E:\Monster-Obelisk\Monster Obelisk\Monster Obelisk.vcxproj" on node 2 (Build target(s)).
     1>ClCompile:
         C:\Program Files (x86)\Microsoft Visual Studio 12.0\VC\bin\CL.exe /c /ZI /nologo /W3 /WX- /sdl /Od /Oy- /D _MBCS /Gm /EHsc /RTC1 /MDd /GS /fp:precise /Zc:wchar_t /Zc:forScope /Fo"Debug\\" /Fd"Debug\vc120.pdb" /Gd /TP /analyze- /errorReport:prompt iMain.cpp
         iMain.cpp
     1>e:\monster-obelisk\monster obelisk\runnergame.h(167): error C3861: 'SpawnEntity': identifier not found
     1>Done Building Project "E:\Monster-Obelisk\Monster Obelisk\Monster Obelisk.vcxproj" (Build target(s)) -- FAILED.

Build FAILED.

Time Elapsed 00:00:01.42
